{
  "/Users/bri/www/hyper-element/source/hyperElement.js": {
    "path": "/Users/bri/www/hyper-element/source/hyperElement.js",
    "all": false,
    "statementMap": {
      "0": {
        "start": {
          "line": 1,
          "column": 0
        },
        "end": {
          "line": 1,
          "column": 0
        }
      },
      "1": {
        "start": {
          "line": 2,
          "column": 0
        },
        "end": {
          "line": 2,
          "column": 62
        }
      },
      "2": {
        "start": {
          "line": 3,
          "column": 0
        },
        "end": {
          "line": 3,
          "column": 78
        }
      },
      "3": {
        "start": {
          "line": 4,
          "column": 0
        },
        "end": {
          "line": 4,
          "column": 21
        }
      },
      "4": {
        "start": {
          "line": 5,
          "column": 0
        },
        "end": {
          "line": 5,
          "column": 52
        }
      },
      "5": {
        "start": {
          "line": 6,
          "column": 0
        },
        "end": {
          "line": 6,
          "column": 24
        }
      },
      "6": {
        "start": {
          "line": 7,
          "column": 0
        },
        "end": {
          "line": 7,
          "column": 0
        }
      },
      "7": {
        "start": {
          "line": 8,
          "column": 0
        },
        "end": {
          "line": 8,
          "column": 114
        }
      },
      "8": {
        "start": {
          "line": 9,
          "column": 0
        },
        "end": {
          "line": 9,
          "column": 0
        }
      },
      "9": {
        "start": {
          "line": 10,
          "column": 0
        },
        "end": {
          "line": 10,
          "column": 0
        }
      },
      "10": {
        "start": {
          "line": 11,
          "column": 0
        },
        "end": {
          "line": 11,
          "column": 21
        }
      },
      "11": {
        "start": {
          "line": 12,
          "column": 0
        },
        "end": {
          "line": 12,
          "column": 18
        }
      },
      "12": {
        "start": {
          "line": 13,
          "column": 0
        },
        "end": {
          "line": 13,
          "column": 43
        }
      },
      "13": {
        "start": {
          "line": 14,
          "column": 0
        },
        "end": {
          "line": 14,
          "column": 0
        }
      },
      "14": {
        "start": {
          "line": 15,
          "column": 0
        },
        "end": {
          "line": 15,
          "column": 32
        }
      },
      "15": {
        "start": {
          "line": 16,
          "column": 0
        },
        "end": {
          "line": 16,
          "column": 75
        }
      },
      "16": {
        "start": {
          "line": 17,
          "column": 0
        },
        "end": {
          "line": 17,
          "column": 0
        }
      },
      "17": {
        "start": {
          "line": 18,
          "column": 0
        },
        "end": {
          "line": 18,
          "column": 16
        }
      },
      "18": {
        "start": {
          "line": 19,
          "column": 0
        },
        "end": {
          "line": 19,
          "column": 3
        }
      },
      "19": {
        "start": {
          "line": 20,
          "column": 0
        },
        "end": {
          "line": 20,
          "column": 0
        }
      },
      "20": {
        "start": {
          "line": 21,
          "column": 0
        },
        "end": {
          "line": 21,
          "column": 55
        }
      },
      "21": {
        "start": {
          "line": 22,
          "column": 0
        },
        "end": {
          "line": 22,
          "column": 55
        }
      },
      "22": {
        "start": {
          "line": 23,
          "column": 0
        },
        "end": {
          "line": 23,
          "column": 55
        }
      },
      "23": {
        "start": {
          "line": 24,
          "column": 0
        },
        "end": {
          "line": 24,
          "column": 0
        }
      },
      "24": {
        "start": {
          "line": 25,
          "column": 0
        },
        "end": {
          "line": 25,
          "column": 30
        }
      },
      "25": {
        "start": {
          "line": 26,
          "column": 0
        },
        "end": {
          "line": 26,
          "column": 0
        }
      },
      "26": {
        "start": {
          "line": 27,
          "column": 0
        },
        "end": {
          "line": 27,
          "column": 72
        }
      },
      "27": {
        "start": {
          "line": 28,
          "column": 0
        },
        "end": {
          "line": 28,
          "column": 0
        }
      },
      "28": {
        "start": {
          "line": 29,
          "column": 0
        },
        "end": {
          "line": 29,
          "column": 32
        }
      },
      "29": {
        "start": {
          "line": 30,
          "column": 0
        },
        "end": {
          "line": 30,
          "column": 0
        }
      },
      "30": {
        "start": {
          "line": 31,
          "column": 0
        },
        "end": {
          "line": 31,
          "column": 35
        }
      },
      "31": {
        "start": {
          "line": 32,
          "column": 0
        },
        "end": {
          "line": 32,
          "column": 0
        }
      },
      "32": {
        "start": {
          "line": 33,
          "column": 0
        },
        "end": {
          "line": 33,
          "column": 32
        }
      },
      "33": {
        "start": {
          "line": 34,
          "column": 0
        },
        "end": {
          "line": 34,
          "column": 33
        }
      },
      "34": {
        "start": {
          "line": 35,
          "column": 0
        },
        "end": {
          "line": 35,
          "column": 25
        }
      },
      "35": {
        "start": {
          "line": 36,
          "column": 0
        },
        "end": {
          "line": 36,
          "column": 16
        }
      },
      "36": {
        "start": {
          "line": 37,
          "column": 0
        },
        "end": {
          "line": 37,
          "column": 32
        }
      },
      "37": {
        "start": {
          "line": 38,
          "column": 0
        },
        "end": {
          "line": 38,
          "column": 36
        }
      },
      "38": {
        "start": {
          "line": 39,
          "column": 0
        },
        "end": {
          "line": 39,
          "column": 9
        }
      },
      "39": {
        "start": {
          "line": 40,
          "column": 0
        },
        "end": {
          "line": 40,
          "column": 7
        }
      },
      "40": {
        "start": {
          "line": 41,
          "column": 0
        },
        "end": {
          "line": 41,
          "column": 29
        }
      },
      "41": {
        "start": {
          "line": 42,
          "column": 0
        },
        "end": {
          "line": 42,
          "column": 0
        }
      },
      "42": {
        "start": {
          "line": 43,
          "column": 0
        },
        "end": {
          "line": 43,
          "column": 21
        }
      },
      "43": {
        "start": {
          "line": 44,
          "column": 0
        },
        "end": {
          "line": 44,
          "column": 3
        }
      },
      "44": {
        "start": {
          "line": 45,
          "column": 0
        },
        "end": {
          "line": 45,
          "column": 0
        }
      },
      "45": {
        "start": {
          "line": 46,
          "column": 0
        },
        "end": {
          "line": 46,
          "column": 55
        }
      },
      "46": {
        "start": {
          "line": 47,
          "column": 0
        },
        "end": {
          "line": 47,
          "column": 55
        }
      },
      "47": {
        "start": {
          "line": 48,
          "column": 0
        },
        "end": {
          "line": 48,
          "column": 55
        }
      },
      "48": {
        "start": {
          "line": 49,
          "column": 0
        },
        "end": {
          "line": 49,
          "column": 0
        }
      },
      "49": {
        "start": {
          "line": 50,
          "column": 0
        },
        "end": {
          "line": 50,
          "column": 25
        }
      },
      "50": {
        "start": {
          "line": 51,
          "column": 0
        },
        "end": {
          "line": 51,
          "column": 24
        }
      },
      "51": {
        "start": {
          "line": 52,
          "column": 0
        },
        "end": {
          "line": 52,
          "column": 65
        }
      },
      "52": {
        "start": {
          "line": 53,
          "column": 0
        },
        "end": {
          "line": 53,
          "column": 0
        }
      },
      "53": {
        "start": {
          "line": 54,
          "column": 0
        },
        "end": {
          "line": 54,
          "column": 30
        }
      },
      "54": {
        "start": {
          "line": 55,
          "column": 0
        },
        "end": {
          "line": 55,
          "column": 0
        }
      },
      "55": {
        "start": {
          "line": 56,
          "column": 0
        },
        "end": {
          "line": 56,
          "column": 36
        }
      },
      "56": {
        "start": {
          "line": 57,
          "column": 0
        },
        "end": {
          "line": 57,
          "column": 75
        }
      },
      "57": {
        "start": {
          "line": 58,
          "column": 0
        },
        "end": {
          "line": 58,
          "column": 35
        }
      },
      "58": {
        "start": {
          "line": 59,
          "column": 0
        },
        "end": {
          "line": 59,
          "column": 60
        }
      },
      "59": {
        "start": {
          "line": 60,
          "column": 0
        },
        "end": {
          "line": 60,
          "column": 61
        }
      },
      "60": {
        "start": {
          "line": 61,
          "column": 0
        },
        "end": {
          "line": 61,
          "column": 22
        }
      },
      "61": {
        "start": {
          "line": 62,
          "column": 0
        },
        "end": {
          "line": 62,
          "column": 15
        }
      },
      "62": {
        "start": {
          "line": 63,
          "column": 0
        },
        "end": {
          "line": 63,
          "column": 7
        }
      },
      "63": {
        "start": {
          "line": 64,
          "column": 0
        },
        "end": {
          "line": 64,
          "column": 0
        }
      },
      "64": {
        "start": {
          "line": 65,
          "column": 0
        },
        "end": {
          "line": 65,
          "column": 31
        }
      },
      "65": {
        "start": {
          "line": 66,
          "column": 0
        },
        "end": {
          "line": 66,
          "column": 40
        }
      },
      "66": {
        "start": {
          "line": 67,
          "column": 0
        },
        "end": {
          "line": 67,
          "column": 0
        }
      },
      "67": {
        "start": {
          "line": 68,
          "column": 0
        },
        "end": {
          "line": 68,
          "column": 36
        }
      },
      "68": {
        "start": {
          "line": 69,
          "column": 0
        },
        "end": {
          "line": 69,
          "column": 27
        }
      },
      "69": {
        "start": {
          "line": 70,
          "column": 0
        },
        "end": {
          "line": 70,
          "column": 61
        }
      },
      "70": {
        "start": {
          "line": 71,
          "column": 0
        },
        "end": {
          "line": 71,
          "column": 7
        }
      },
      "71": {
        "start": {
          "line": 72,
          "column": 0
        },
        "end": {
          "line": 72,
          "column": 0
        }
      },
      "72": {
        "start": {
          "line": 73,
          "column": 0
        },
        "end": {
          "line": 73,
          "column": 27
        }
      },
      "73": {
        "start": {
          "line": 74,
          "column": 0
        },
        "end": {
          "line": 74,
          "column": 71
        }
      },
      "74": {
        "start": {
          "line": 75,
          "column": 0
        },
        "end": {
          "line": 75,
          "column": 0
        }
      },
      "75": {
        "start": {
          "line": 76,
          "column": 0
        },
        "end": {
          "line": 76,
          "column": 41
        }
      },
      "76": {
        "start": {
          "line": 77,
          "column": 0
        },
        "end": {
          "line": 77,
          "column": 21
        }
      },
      "77": {
        "start": {
          "line": 78,
          "column": 0
        },
        "end": {
          "line": 78,
          "column": 7
        }
      },
      "78": {
        "start": {
          "line": 79,
          "column": 0
        },
        "end": {
          "line": 79,
          "column": 0
        }
      },
      "79": {
        "start": {
          "line": 80,
          "column": 0
        },
        "end": {
          "line": 80,
          "column": 36
        }
      },
      "80": {
        "start": {
          "line": 81,
          "column": 0
        },
        "end": {
          "line": 81,
          "column": 56
        }
      },
      "81": {
        "start": {
          "line": 82,
          "column": 0
        },
        "end": {
          "line": 82,
          "column": 25
        }
      },
      "82": {
        "start": {
          "line": 83,
          "column": 0
        },
        "end": {
          "line": 83,
          "column": 0
        }
      },
      "83": {
        "start": {
          "line": 84,
          "column": 0
        },
        "end": {
          "line": 84,
          "column": 127
        }
      },
      "84": {
        "start": {
          "line": 85,
          "column": 0
        },
        "end": {
          "line": 85,
          "column": 24
        }
      },
      "85": {
        "start": {
          "line": 86,
          "column": 0
        },
        "end": {
          "line": 86,
          "column": 0
        }
      },
      "86": {
        "start": {
          "line": 87,
          "column": 0
        },
        "end": {
          "line": 87,
          "column": 90
        }
      },
      "87": {
        "start": {
          "line": 88,
          "column": 0
        },
        "end": {
          "line": 88,
          "column": 22
        }
      },
      "88": {
        "start": {
          "line": 89,
          "column": 0
        },
        "end": {
          "line": 89,
          "column": 7
        }
      },
      "89": {
        "start": {
          "line": 90,
          "column": 0
        },
        "end": {
          "line": 90,
          "column": 3
        }
      },
      "90": {
        "start": {
          "line": 91,
          "column": 0
        },
        "end": {
          "line": 91,
          "column": 0
        }
      },
      "91": {
        "start": {
          "line": 92,
          "column": 0
        },
        "end": {
          "line": 92,
          "column": 51
        }
      },
      "92": {
        "start": {
          "line": 93,
          "column": 0
        },
        "end": {
          "line": 93,
          "column": 52
        }
      },
      "93": {
        "start": {
          "line": 94,
          "column": 0
        },
        "end": {
          "line": 94,
          "column": 26
        }
      },
      "94": {
        "start": {
          "line": 95,
          "column": 0
        },
        "end": {
          "line": 95,
          "column": 0
        }
      },
      "95": {
        "start": {
          "line": 96,
          "column": 0
        },
        "end": {
          "line": 96,
          "column": 38
        }
      },
      "96": {
        "start": {
          "line": 97,
          "column": 0
        },
        "end": {
          "line": 97,
          "column": 63
        }
      },
      "97": {
        "start": {
          "line": 98,
          "column": 0
        },
        "end": {
          "line": 98,
          "column": 71
        }
      },
      "98": {
        "start": {
          "line": 99,
          "column": 0
        },
        "end": {
          "line": 99,
          "column": 34
        }
      },
      "99": {
        "start": {
          "line": 100,
          "column": 0
        },
        "end": {
          "line": 100,
          "column": 41
        }
      },
      "100": {
        "start": {
          "line": 101,
          "column": 0
        },
        "end": {
          "line": 101,
          "column": 39
        }
      },
      "101": {
        "start": {
          "line": 102,
          "column": 0
        },
        "end": {
          "line": 102,
          "column": 34
        }
      },
      "102": {
        "start": {
          "line": 103,
          "column": 0
        },
        "end": {
          "line": 103,
          "column": 57
        }
      },
      "103": {
        "start": {
          "line": 104,
          "column": 0
        },
        "end": {
          "line": 104,
          "column": 59
        }
      },
      "104": {
        "start": {
          "line": 105,
          "column": 0
        },
        "end": {
          "line": 105,
          "column": 46
        }
      },
      "105": {
        "start": {
          "line": 106,
          "column": 0
        },
        "end": {
          "line": 106,
          "column": 64
        }
      },
      "106": {
        "start": {
          "line": 107,
          "column": 0
        },
        "end": {
          "line": 107,
          "column": 59
        }
      },
      "107": {
        "start": {
          "line": 108,
          "column": 0
        },
        "end": {
          "line": 108,
          "column": 56
        }
      },
      "108": {
        "start": {
          "line": 109,
          "column": 0
        },
        "end": {
          "line": 109,
          "column": 44
        }
      },
      "109": {
        "start": {
          "line": 110,
          "column": 0
        },
        "end": {
          "line": 110,
          "column": 95
        }
      },
      "110": {
        "start": {
          "line": 111,
          "column": 0
        },
        "end": {
          "line": 111,
          "column": 13
        }
      },
      "111": {
        "start": {
          "line": 112,
          "column": 0
        },
        "end": {
          "line": 112,
          "column": 9
        }
      },
      "112": {
        "start": {
          "line": 113,
          "column": 0
        },
        "end": {
          "line": 113,
          "column": 27
        }
      },
      "113": {
        "start": {
          "line": 114,
          "column": 0
        },
        "end": {
          "line": 114,
          "column": 18
        }
      },
      "114": {
        "start": {
          "line": 115,
          "column": 0
        },
        "end": {
          "line": 115,
          "column": 7
        }
      },
      "115": {
        "start": {
          "line": 116,
          "column": 0
        },
        "end": {
          "line": 116,
          "column": 0
        }
      },
      "116": {
        "start": {
          "line": 117,
          "column": 0
        },
        "end": {
          "line": 117,
          "column": 47
        }
      },
      "117": {
        "start": {
          "line": 118,
          "column": 0
        },
        "end": {
          "line": 118,
          "column": 79
        }
      },
      "118": {
        "start": {
          "line": 119,
          "column": 0
        },
        "end": {
          "line": 119,
          "column": 88
        }
      },
      "119": {
        "start": {
          "line": 120,
          "column": 0
        },
        "end": {
          "line": 120,
          "column": 55
        }
      },
      "120": {
        "start": {
          "line": 121,
          "column": 0
        },
        "end": {
          "line": 121,
          "column": 7
        }
      },
      "121": {
        "start": {
          "line": 122,
          "column": 0
        },
        "end": {
          "line": 122,
          "column": 0
        }
      },
      "122": {
        "start": {
          "line": 123,
          "column": 0
        },
        "end": {
          "line": 123,
          "column": 53
        }
      },
      "123": {
        "start": {
          "line": 124,
          "column": 0
        },
        "end": {
          "line": 124,
          "column": 57
        }
      },
      "124": {
        "start": {
          "line": 125,
          "column": 0
        },
        "end": {
          "line": 125,
          "column": 69
        }
      },
      "125": {
        "start": {
          "line": 126,
          "column": 0
        },
        "end": {
          "line": 126,
          "column": 44
        }
      },
      "126": {
        "start": {
          "line": 127,
          "column": 0
        },
        "end": {
          "line": 127,
          "column": 7
        }
      },
      "127": {
        "start": {
          "line": 128,
          "column": 0
        },
        "end": {
          "line": 128,
          "column": 0
        }
      },
      "128": {
        "start": {
          "line": 129,
          "column": 0
        },
        "end": {
          "line": 129,
          "column": 46
        }
      },
      "129": {
        "start": {
          "line": 130,
          "column": 0
        },
        "end": {
          "line": 130,
          "column": 69
        }
      },
      "130": {
        "start": {
          "line": 131,
          "column": 0
        },
        "end": {
          "line": 131,
          "column": 73
        }
      },
      "131": {
        "start": {
          "line": 132,
          "column": 0
        },
        "end": {
          "line": 132,
          "column": 44
        }
      },
      "132": {
        "start": {
          "line": 133,
          "column": 0
        },
        "end": {
          "line": 133,
          "column": 7
        }
      },
      "133": {
        "start": {
          "line": 134,
          "column": 0
        },
        "end": {
          "line": 134,
          "column": 0
        }
      },
      "134": {
        "start": {
          "line": 135,
          "column": 0
        },
        "end": {
          "line": 135,
          "column": 18
        }
      },
      "135": {
        "start": {
          "line": 136,
          "column": 0
        },
        "end": {
          "line": 136,
          "column": 3
        }
      },
      "136": {
        "start": {
          "line": 137,
          "column": 0
        },
        "end": {
          "line": 137,
          "column": 0
        }
      },
      "137": {
        "start": {
          "line": 138,
          "column": 0
        },
        "end": {
          "line": 138,
          "column": 36
        }
      },
      "138": {
        "start": {
          "line": 139,
          "column": 0
        },
        "end": {
          "line": 139,
          "column": 50
        }
      },
      "139": {
        "start": {
          "line": 140,
          "column": 0
        },
        "end": {
          "line": 140,
          "column": 68
        }
      },
      "140": {
        "start": {
          "line": 141,
          "column": 0
        },
        "end": {
          "line": 141,
          "column": 0
        }
      },
      "141": {
        "start": {
          "line": 142,
          "column": 0
        },
        "end": {
          "line": 142,
          "column": 26
        }
      },
      "142": {
        "start": {
          "line": 143,
          "column": 0
        },
        "end": {
          "line": 143,
          "column": 45
        }
      },
      "143": {
        "start": {
          "line": 144,
          "column": 0
        },
        "end": {
          "line": 144,
          "column": 41
        }
      },
      "144": {
        "start": {
          "line": 145,
          "column": 0
        },
        "end": {
          "line": 145,
          "column": 41
        }
      },
      "145": {
        "start": {
          "line": 146,
          "column": 0
        },
        "end": {
          "line": 146,
          "column": 101
        }
      },
      "146": {
        "start": {
          "line": 147,
          "column": 0
        },
        "end": {
          "line": 147,
          "column": 13
        }
      },
      "147": {
        "start": {
          "line": 148,
          "column": 0
        },
        "end": {
          "line": 148,
          "column": 49
        }
      },
      "148": {
        "start": {
          "line": 149,
          "column": 0
        },
        "end": {
          "line": 149,
          "column": 66
        }
      },
      "149": {
        "start": {
          "line": 150,
          "column": 0
        },
        "end": {
          "line": 150,
          "column": 72
        }
      },
      "150": {
        "start": {
          "line": 151,
          "column": 0
        },
        "end": {
          "line": 151,
          "column": 67
        }
      },
      "151": {
        "start": {
          "line": 152,
          "column": 0
        },
        "end": {
          "line": 152,
          "column": 56
        }
      },
      "152": {
        "start": {
          "line": 153,
          "column": 0
        },
        "end": {
          "line": 153,
          "column": 15
        }
      },
      "153": {
        "start": {
          "line": 154,
          "column": 0
        },
        "end": {
          "line": 154,
          "column": 26
        }
      },
      "154": {
        "start": {
          "line": 155,
          "column": 0
        },
        "end": {
          "line": 155,
          "column": 11
        }
      },
      "155": {
        "start": {
          "line": 156,
          "column": 0
        },
        "end": {
          "line": 156,
          "column": 9
        }
      },
      "156": {
        "start": {
          "line": 157,
          "column": 0
        },
        "end": {
          "line": 157,
          "column": 0
        }
      },
      "157": {
        "start": {
          "line": 158,
          "column": 0
        },
        "end": {
          "line": 158,
          "column": 46
        }
      },
      "158": {
        "start": {
          "line": 159,
          "column": 0
        },
        "end": {
          "line": 159,
          "column": 33
        }
      },
      "159": {
        "start": {
          "line": 160,
          "column": 0
        },
        "end": {
          "line": 160,
          "column": 70
        }
      },
      "160": {
        "start": {
          "line": 161,
          "column": 0
        },
        "end": {
          "line": 161,
          "column": 0
        }
      },
      "161": {
        "start": {
          "line": 162,
          "column": 0
        },
        "end": {
          "line": 162,
          "column": 57
        }
      },
      "162": {
        "start": {
          "line": 163,
          "column": 0
        },
        "end": {
          "line": 163,
          "column": 47
        }
      },
      "163": {
        "start": {
          "line": 164,
          "column": 0
        },
        "end": {
          "line": 164,
          "column": 19
        }
      },
      "164": {
        "start": {
          "line": 165,
          "column": 0
        },
        "end": {
          "line": 165,
          "column": 37
        }
      },
      "165": {
        "start": {
          "line": 166,
          "column": 0
        },
        "end": {
          "line": 166,
          "column": 12
        }
      },
      "166": {
        "start": {
          "line": 167,
          "column": 0
        },
        "end": {
          "line": 167,
          "column": 0
        }
      },
      "167": {
        "start": {
          "line": 168,
          "column": 0
        },
        "end": {
          "line": 168,
          "column": 21
        }
      },
      "168": {
        "start": {
          "line": 169,
          "column": 0
        },
        "end": {
          "line": 169,
          "column": 30
        }
      },
      "169": {
        "start": {
          "line": 170,
          "column": 0
        },
        "end": {
          "line": 170,
          "column": 0
        }
      },
      "170": {
        "start": {
          "line": 171,
          "column": 0
        },
        "end": {
          "line": 171,
          "column": 66
        }
      },
      "171": {
        "start": {
          "line": 172,
          "column": 0
        },
        "end": {
          "line": 172,
          "column": 0
        }
      },
      "172": {
        "start": {
          "line": 173,
          "column": 0
        },
        "end": {
          "line": 173,
          "column": 42
        }
      },
      "173": {
        "start": {
          "line": 174,
          "column": 0
        },
        "end": {
          "line": 174,
          "column": 0
        }
      },
      "174": {
        "start": {
          "line": 175,
          "column": 0
        },
        "end": {
          "line": 175,
          "column": 94
        }
      },
      "175": {
        "start": {
          "line": 176,
          "column": 0
        },
        "end": {
          "line": 176,
          "column": 55
        }
      },
      "176": {
        "start": {
          "line": 177,
          "column": 0
        },
        "end": {
          "line": 177,
          "column": 26
        }
      },
      "177": {
        "start": {
          "line": 178,
          "column": 0
        },
        "end": {
          "line": 178,
          "column": 12
        }
      },
      "178": {
        "start": {
          "line": 179,
          "column": 0
        },
        "end": {
          "line": 179,
          "column": 0
        }
      },
      "179": {
        "start": {
          "line": 180,
          "column": 0
        },
        "end": {
          "line": 180,
          "column": 42
        }
      },
      "180": {
        "start": {
          "line": 181,
          "column": 0
        },
        "end": {
          "line": 181,
          "column": 42
        }
      },
      "181": {
        "start": {
          "line": 182,
          "column": 0
        },
        "end": {
          "line": 182,
          "column": 146
        }
      },
      "182": {
        "start": {
          "line": 183,
          "column": 0
        },
        "end": {
          "line": 183,
          "column": 14
        }
      },
      "183": {
        "start": {
          "line": 184,
          "column": 0
        },
        "end": {
          "line": 184,
          "column": 75
        }
      },
      "184": {
        "start": {
          "line": 185,
          "column": 0
        },
        "end": {
          "line": 185,
          "column": 12
        }
      },
      "185": {
        "start": {
          "line": 186,
          "column": 0
        },
        "end": {
          "line": 186,
          "column": 0
        }
      },
      "186": {
        "start": {
          "line": 187,
          "column": 0
        },
        "end": {
          "line": 187,
          "column": 24
        }
      },
      "187": {
        "start": {
          "line": 188,
          "column": 0
        },
        "end": {
          "line": 188,
          "column": 0
        }
      },
      "188": {
        "start": {
          "line": 189,
          "column": 0
        },
        "end": {
          "line": 189,
          "column": 37
        }
      },
      "189": {
        "start": {
          "line": 190,
          "column": 0
        },
        "end": {
          "line": 190,
          "column": 43
        }
      },
      "190": {
        "start": {
          "line": 191,
          "column": 0
        },
        "end": {
          "line": 191,
          "column": 17
        }
      },
      "191": {
        "start": {
          "line": 192,
          "column": 0
        },
        "end": {
          "line": 192,
          "column": 5
        }
      },
      "192": {
        "start": {
          "line": 193,
          "column": 0
        },
        "end": {
          "line": 193,
          "column": 0
        }
      },
      "193": {
        "start": {
          "line": 194,
          "column": 0
        },
        "end": {
          "line": 194,
          "column": 37
        }
      },
      "194": {
        "start": {
          "line": 195,
          "column": 0
        },
        "end": {
          "line": 195,
          "column": 33
        }
      },
      "195": {
        "start": {
          "line": 196,
          "column": 0
        },
        "end": {
          "line": 196,
          "column": 5
        }
      },
      "196": {
        "start": {
          "line": 197,
          "column": 0
        },
        "end": {
          "line": 197,
          "column": 0
        }
      },
      "197": {
        "start": {
          "line": 198,
          "column": 0
        },
        "end": {
          "line": 198,
          "column": 53
        }
      },
      "198": {
        "start": {
          "line": 199,
          "column": 0
        },
        "end": {
          "line": 199,
          "column": 0
        }
      },
      "199": {
        "start": {
          "line": 200,
          "column": 0
        },
        "end": {
          "line": 200,
          "column": 34
        }
      },
      "200": {
        "start": {
          "line": 201,
          "column": 0
        },
        "end": {
          "line": 201,
          "column": 17
        }
      },
      "201": {
        "start": {
          "line": 202,
          "column": 0
        },
        "end": {
          "line": 202,
          "column": 42
        }
      },
      "202": {
        "start": {
          "line": 203,
          "column": 0
        },
        "end": {
          "line": 203,
          "column": 18
        }
      },
      "203": {
        "start": {
          "line": 204,
          "column": 0
        },
        "end": {
          "line": 204,
          "column": 26
        }
      },
      "204": {
        "start": {
          "line": 205,
          "column": 0
        },
        "end": {
          "line": 205,
          "column": 0
        }
      },
      "205": {
        "start": {
          "line": 206,
          "column": 0
        },
        "end": {
          "line": 206,
          "column": 28
        }
      },
      "206": {
        "start": {
          "line": 207,
          "column": 0
        },
        "end": {
          "line": 207,
          "column": 68
        }
      },
      "207": {
        "start": {
          "line": 208,
          "column": 0
        },
        "end": {
          "line": 208,
          "column": 70
        }
      },
      "208": {
        "start": {
          "line": 209,
          "column": 0
        },
        "end": {
          "line": 209,
          "column": 30
        }
      },
      "209": {
        "start": {
          "line": 210,
          "column": 0
        },
        "end": {
          "line": 210,
          "column": 5
        }
      },
      "210": {
        "start": {
          "line": 211,
          "column": 0
        },
        "end": {
          "line": 211,
          "column": 0
        }
      },
      "211": {
        "start": {
          "line": 212,
          "column": 0
        },
        "end": {
          "line": 212,
          "column": 16
        }
      },
      "212": {
        "start": {
          "line": 213,
          "column": 0
        },
        "end": {
          "line": 213,
          "column": 25
        }
      },
      "213": {
        "start": {
          "line": 214,
          "column": 0
        },
        "end": {
          "line": 214,
          "column": 0
        }
      },
      "214": {
        "start": {
          "line": 215,
          "column": 0
        },
        "end": {
          "line": 215,
          "column": 0
        }
      },
      "215": {
        "start": {
          "line": 216,
          "column": 0
        },
        "end": {
          "line": 216,
          "column": 0
        }
      },
      "216": {
        "start": {
          "line": 217,
          "column": 0
        },
        "end": {
          "line": 217,
          "column": 55
        }
      },
      "217": {
        "start": {
          "line": 218,
          "column": 0
        },
        "end": {
          "line": 218,
          "column": 55
        }
      },
      "218": {
        "start": {
          "line": 219,
          "column": 0
        },
        "end": {
          "line": 219,
          "column": 55
        }
      },
      "219": {
        "start": {
          "line": 220,
          "column": 0
        },
        "end": {
          "line": 220,
          "column": 0
        }
      },
      "220": {
        "start": {
          "line": 221,
          "column": 0
        },
        "end": {
          "line": 221,
          "column": 28
        }
      },
      "221": {
        "start": {
          "line": 222,
          "column": 0
        },
        "end": {
          "line": 222,
          "column": 0
        }
      },
      "222": {
        "start": {
          "line": 223,
          "column": 0
        },
        "end": {
          "line": 223,
          "column": 44
        }
      },
      "223": {
        "start": {
          "line": 224,
          "column": 0
        },
        "end": {
          "line": 224,
          "column": 45
        }
      },
      "224": {
        "start": {
          "line": 225,
          "column": 0
        },
        "end": {
          "line": 225,
          "column": 59
        }
      },
      "225": {
        "start": {
          "line": 226,
          "column": 0
        },
        "end": {
          "line": 226,
          "column": 34
        }
      },
      "226": {
        "start": {
          "line": 227,
          "column": 0
        },
        "end": {
          "line": 227,
          "column": 42
        }
      },
      "227": {
        "start": {
          "line": 228,
          "column": 0
        },
        "end": {
          "line": 228,
          "column": 43
        }
      },
      "228": {
        "start": {
          "line": 229,
          "column": 0
        },
        "end": {
          "line": 229,
          "column": 0
        }
      },
      "229": {
        "start": {
          "line": 230,
          "column": 0
        },
        "end": {
          "line": 230,
          "column": 59
        }
      },
      "230": {
        "start": {
          "line": 231,
          "column": 0
        },
        "end": {
          "line": 231,
          "column": 0
        }
      },
      "231": {
        "start": {
          "line": 232,
          "column": 0
        },
        "end": {
          "line": 232,
          "column": 44
        }
      },
      "232": {
        "start": {
          "line": 233,
          "column": 0
        },
        "end": {
          "line": 233,
          "column": 27
        }
      },
      "233": {
        "start": {
          "line": 234,
          "column": 0
        },
        "end": {
          "line": 234,
          "column": 35
        }
      },
      "234": {
        "start": {
          "line": 235,
          "column": 0
        },
        "end": {
          "line": 235,
          "column": 35
        }
      },
      "235": {
        "start": {
          "line": 236,
          "column": 0
        },
        "end": {
          "line": 236,
          "column": 32
        }
      },
      "236": {
        "start": {
          "line": 237,
          "column": 0
        },
        "end": {
          "line": 237,
          "column": 10
        }
      },
      "237": {
        "start": {
          "line": 238,
          "column": 0
        },
        "end": {
          "line": 238,
          "column": 27
        }
      },
      "238": {
        "start": {
          "line": 239,
          "column": 0
        },
        "end": {
          "line": 239,
          "column": 33
        }
      },
      "239": {
        "start": {
          "line": 240,
          "column": 0
        },
        "end": {
          "line": 240,
          "column": 23
        }
      },
      "240": {
        "start": {
          "line": 241,
          "column": 0
        },
        "end": {
          "line": 241,
          "column": 38
        }
      },
      "241": {
        "start": {
          "line": 242,
          "column": 0
        },
        "end": {
          "line": 242,
          "column": 41
        }
      },
      "242": {
        "start": {
          "line": 243,
          "column": 0
        },
        "end": {
          "line": 243,
          "column": 0
        }
      },
      "243": {
        "start": {
          "line": 244,
          "column": 0
        },
        "end": {
          "line": 244,
          "column": 52
        }
      },
      "244": {
        "start": {
          "line": 245,
          "column": 0
        },
        "end": {
          "line": 245,
          "column": 27
        }
      },
      "245": {
        "start": {
          "line": 246,
          "column": 0
        },
        "end": {
          "line": 246,
          "column": 0
        }
      },
      "246": {
        "start": {
          "line": 247,
          "column": 0
        },
        "end": {
          "line": 247,
          "column": 39
        }
      },
      "247": {
        "start": {
          "line": 248,
          "column": 0
        },
        "end": {
          "line": 248,
          "column": 36
        }
      },
      "248": {
        "start": {
          "line": 249,
          "column": 0
        },
        "end": {
          "line": 249,
          "column": 56
        }
      },
      "249": {
        "start": {
          "line": 250,
          "column": 0
        },
        "end": {
          "line": 250,
          "column": 52
        }
      },
      "250": {
        "start": {
          "line": 251,
          "column": 0
        },
        "end": {
          "line": 251,
          "column": 89
        }
      },
      "251": {
        "start": {
          "line": 252,
          "column": 0
        },
        "end": {
          "line": 252,
          "column": 21
        }
      },
      "252": {
        "start": {
          "line": 253,
          "column": 0
        },
        "end": {
          "line": 253,
          "column": 56
        }
      },
      "253": {
        "start": {
          "line": 254,
          "column": 0
        },
        "end": {
          "line": 254,
          "column": 85
        }
      },
      "254": {
        "start": {
          "line": 255,
          "column": 0
        },
        "end": {
          "line": 255,
          "column": 19
        }
      },
      "255": {
        "start": {
          "line": 256,
          "column": 0
        },
        "end": {
          "line": 256,
          "column": 94
        }
      },
      "256": {
        "start": {
          "line": 257,
          "column": 0
        },
        "end": {
          "line": 257,
          "column": 60
        }
      },
      "257": {
        "start": {
          "line": 258,
          "column": 0
        },
        "end": {
          "line": 258,
          "column": 59
        }
      },
      "258": {
        "start": {
          "line": 259,
          "column": 0
        },
        "end": {
          "line": 259,
          "column": 64
        }
      },
      "259": {
        "start": {
          "line": 260,
          "column": 0
        },
        "end": {
          "line": 260,
          "column": 0
        }
      },
      "260": {
        "start": {
          "line": 261,
          "column": 0
        },
        "end": {
          "line": 261,
          "column": 89
        }
      },
      "261": {
        "start": {
          "line": 262,
          "column": 0
        },
        "end": {
          "line": 262,
          "column": 0
        }
      },
      "262": {
        "start": {
          "line": 263,
          "column": 0
        },
        "end": {
          "line": 263,
          "column": 53
        }
      },
      "263": {
        "start": {
          "line": 264,
          "column": 0
        },
        "end": {
          "line": 264,
          "column": 64
        }
      },
      "264": {
        "start": {
          "line": 265,
          "column": 0
        },
        "end": {
          "line": 265,
          "column": 40
        }
      },
      "265": {
        "start": {
          "line": 266,
          "column": 0
        },
        "end": {
          "line": 266,
          "column": 36
        }
      },
      "266": {
        "start": {
          "line": 267,
          "column": 0
        },
        "end": {
          "line": 267,
          "column": 23
        }
      },
      "267": {
        "start": {
          "line": 268,
          "column": 0
        },
        "end": {
          "line": 268,
          "column": 0
        }
      },
      "268": {
        "start": {
          "line": 269,
          "column": 0
        },
        "end": {
          "line": 269,
          "column": 53
        }
      },
      "269": {
        "start": {
          "line": 270,
          "column": 0
        },
        "end": {
          "line": 270,
          "column": 75
        }
      },
      "270": {
        "start": {
          "line": 271,
          "column": 0
        },
        "end": {
          "line": 271,
          "column": 23
        }
      },
      "271": {
        "start": {
          "line": 272,
          "column": 0
        },
        "end": {
          "line": 272,
          "column": 48
        }
      },
      "272": {
        "start": {
          "line": 273,
          "column": 0
        },
        "end": {
          "line": 273,
          "column": 99
        }
      },
      "273": {
        "start": {
          "line": 274,
          "column": 0
        },
        "end": {
          "line": 274,
          "column": 30
        }
      },
      "274": {
        "start": {
          "line": 275,
          "column": 0
        },
        "end": {
          "line": 275,
          "column": 105
        }
      },
      "275": {
        "start": {
          "line": 276,
          "column": 0
        },
        "end": {
          "line": 276,
          "column": 23
        }
      },
      "276": {
        "start": {
          "line": 277,
          "column": 0
        },
        "end": {
          "line": 277,
          "column": 40
        }
      },
      "277": {
        "start": {
          "line": 278,
          "column": 0
        },
        "end": {
          "line": 278,
          "column": 22
        }
      },
      "278": {
        "start": {
          "line": 279,
          "column": 0
        },
        "end": {
          "line": 279,
          "column": 40
        }
      },
      "279": {
        "start": {
          "line": 280,
          "column": 0
        },
        "end": {
          "line": 280,
          "column": 0
        }
      },
      "280": {
        "start": {
          "line": 281,
          "column": 0
        },
        "end": {
          "line": 281,
          "column": 53
        }
      },
      "281": {
        "start": {
          "line": 282,
          "column": 0
        },
        "end": {
          "line": 282,
          "column": 22
        }
      },
      "282": {
        "start": {
          "line": 283,
          "column": 0
        },
        "end": {
          "line": 283,
          "column": 120
        }
      },
      "283": {
        "start": {
          "line": 284,
          "column": 0
        },
        "end": {
          "line": 284,
          "column": 17
        }
      },
      "284": {
        "start": {
          "line": 285,
          "column": 0
        },
        "end": {
          "line": 285,
          "column": 40
        }
      },
      "285": {
        "start": {
          "line": 286,
          "column": 0
        },
        "end": {
          "line": 286,
          "column": 27
        }
      },
      "286": {
        "start": {
          "line": 287,
          "column": 0
        },
        "end": {
          "line": 287,
          "column": 33
        }
      },
      "287": {
        "start": {
          "line": 288,
          "column": 0
        },
        "end": {
          "line": 288,
          "column": 46
        }
      },
      "288": {
        "start": {
          "line": 289,
          "column": 0
        },
        "end": {
          "line": 289,
          "column": 16
        }
      },
      "289": {
        "start": {
          "line": 290,
          "column": 0
        },
        "end": {
          "line": 290,
          "column": 45
        }
      },
      "290": {
        "start": {
          "line": 291,
          "column": 0
        },
        "end": {
          "line": 291,
          "column": 11
        }
      },
      "291": {
        "start": {
          "line": 292,
          "column": 0
        },
        "end": {
          "line": 292,
          "column": 28
        }
      },
      "292": {
        "start": {
          "line": 293,
          "column": 0
        },
        "end": {
          "line": 293,
          "column": 11
        }
      },
      "293": {
        "start": {
          "line": 294,
          "column": 0
        },
        "end": {
          "line": 294,
          "column": 71
        }
      },
      "294": {
        "start": {
          "line": 295,
          "column": 0
        },
        "end": {
          "line": 295,
          "column": 95
        }
      },
      "295": {
        "start": {
          "line": 296,
          "column": 0
        },
        "end": {
          "line": 296,
          "column": 106
        }
      },
      "296": {
        "start": {
          "line": 297,
          "column": 0
        },
        "end": {
          "line": 297,
          "column": 81
        }
      },
      "297": {
        "start": {
          "line": 298,
          "column": 0
        },
        "end": {
          "line": 298,
          "column": 0
        }
      },
      "298": {
        "start": {
          "line": 299,
          "column": 0
        },
        "end": {
          "line": 299,
          "column": 34
        }
      },
      "299": {
        "start": {
          "line": 300,
          "column": 0
        },
        "end": {
          "line": 300,
          "column": 52
        }
      },
      "300": {
        "start": {
          "line": 301,
          "column": 0
        },
        "end": {
          "line": 301,
          "column": 37
        }
      },
      "301": {
        "start": {
          "line": 302,
          "column": 0
        },
        "end": {
          "line": 302,
          "column": 0
        }
      },
      "302": {
        "start": {
          "line": 303,
          "column": 0
        },
        "end": {
          "line": 303,
          "column": 110
        }
      },
      "303": {
        "start": {
          "line": 304,
          "column": 0
        },
        "end": {
          "line": 304,
          "column": 46
        }
      },
      "304": {
        "start": {
          "line": 305,
          "column": 0
        },
        "end": {
          "line": 305,
          "column": 0
        }
      },
      "305": {
        "start": {
          "line": 306,
          "column": 0
        },
        "end": {
          "line": 306,
          "column": 31
        }
      },
      "306": {
        "start": {
          "line": 307,
          "column": 0
        },
        "end": {
          "line": 307,
          "column": 27
        }
      },
      "307": {
        "start": {
          "line": 308,
          "column": 0
        },
        "end": {
          "line": 308,
          "column": 27
        }
      },
      "308": {
        "start": {
          "line": 309,
          "column": 0
        },
        "end": {
          "line": 309,
          "column": 0
        }
      },
      "309": {
        "start": {
          "line": 310,
          "column": 0
        },
        "end": {
          "line": 310,
          "column": 46
        }
      },
      "310": {
        "start": {
          "line": 311,
          "column": 0
        },
        "end": {
          "line": 311,
          "column": 0
        }
      },
      "311": {
        "start": {
          "line": 312,
          "column": 0
        },
        "end": {
          "line": 312,
          "column": 36
        }
      },
      "312": {
        "start": {
          "line": 313,
          "column": 0
        },
        "end": {
          "line": 313,
          "column": 90
        }
      },
      "313": {
        "start": {
          "line": 314,
          "column": 0
        },
        "end": {
          "line": 314,
          "column": 116
        }
      },
      "314": {
        "start": {
          "line": 315,
          "column": 0
        },
        "end": {
          "line": 315,
          "column": 35
        }
      },
      "315": {
        "start": {
          "line": 316,
          "column": 0
        },
        "end": {
          "line": 316,
          "column": 39
        }
      },
      "316": {
        "start": {
          "line": 317,
          "column": 0
        },
        "end": {
          "line": 317,
          "column": 30
        }
      },
      "317": {
        "start": {
          "line": 318,
          "column": 0
        },
        "end": {
          "line": 318,
          "column": 25
        }
      },
      "318": {
        "start": {
          "line": 319,
          "column": 0
        },
        "end": {
          "line": 319,
          "column": 33
        }
      },
      "319": {
        "start": {
          "line": 320,
          "column": 0
        },
        "end": {
          "line": 320,
          "column": 0
        }
      },
      "320": {
        "start": {
          "line": 321,
          "column": 0
        },
        "end": {
          "line": 321,
          "column": 28
        }
      },
      "321": {
        "start": {
          "line": 322,
          "column": 0
        },
        "end": {
          "line": 322,
          "column": 17
        }
      },
      "322": {
        "start": {
          "line": 323,
          "column": 0
        },
        "end": {
          "line": 323,
          "column": 10
        }
      },
      "323": {
        "start": {
          "line": 324,
          "column": 0
        },
        "end": {
          "line": 324,
          "column": 34
        }
      },
      "324": {
        "start": {
          "line": 325,
          "column": 0
        },
        "end": {
          "line": 325,
          "column": 0
        }
      },
      "325": {
        "start": {
          "line": 326,
          "column": 0
        },
        "end": {
          "line": 326,
          "column": 86
        }
      },
      "326": {
        "start": {
          "line": 327,
          "column": 0
        },
        "end": {
          "line": 327,
          "column": 67
        }
      },
      "327": {
        "start": {
          "line": 328,
          "column": 0
        },
        "end": {
          "line": 328,
          "column": 52
        }
      },
      "328": {
        "start": {
          "line": 329,
          "column": 0
        },
        "end": {
          "line": 329,
          "column": 131
        }
      },
      "329": {
        "start": {
          "line": 330,
          "column": 0
        },
        "end": {
          "line": 330,
          "column": 16
        }
      },
      "330": {
        "start": {
          "line": 331,
          "column": 0
        },
        "end": {
          "line": 331,
          "column": 74
        }
      },
      "331": {
        "start": {
          "line": 332,
          "column": 0
        },
        "end": {
          "line": 332,
          "column": 40
        }
      },
      "332": {
        "start": {
          "line": 333,
          "column": 0
        },
        "end": {
          "line": 333,
          "column": 23
        }
      },
      "333": {
        "start": {
          "line": 334,
          "column": 0
        },
        "end": {
          "line": 334,
          "column": 16
        }
      },
      "334": {
        "start": {
          "line": 335,
          "column": 0
        },
        "end": {
          "line": 335,
          "column": 34
        }
      },
      "335": {
        "start": {
          "line": 336,
          "column": 0
        },
        "end": {
          "line": 336,
          "column": 61
        }
      },
      "336": {
        "start": {
          "line": 337,
          "column": 0
        },
        "end": {
          "line": 337,
          "column": 76
        }
      },
      "337": {
        "start": {
          "line": 338,
          "column": 0
        },
        "end": {
          "line": 338,
          "column": 48
        }
      },
      "338": {
        "start": {
          "line": 339,
          "column": 0
        },
        "end": {
          "line": 339,
          "column": 26
        }
      },
      "339": {
        "start": {
          "line": 340,
          "column": 0
        },
        "end": {
          "line": 340,
          "column": 18
        }
      },
      "340": {
        "start": {
          "line": 341,
          "column": 0
        },
        "end": {
          "line": 341,
          "column": 0
        }
      },
      "341": {
        "start": {
          "line": 342,
          "column": 0
        },
        "end": {
          "line": 342,
          "column": 37
        }
      },
      "342": {
        "start": {
          "line": 343,
          "column": 0
        },
        "end": {
          "line": 343,
          "column": 20
        }
      },
      "343": {
        "start": {
          "line": 344,
          "column": 0
        },
        "end": {
          "line": 344,
          "column": 73
        }
      },
      "344": {
        "start": {
          "line": 345,
          "column": 0
        },
        "end": {
          "line": 345,
          "column": 68
        }
      },
      "345": {
        "start": {
          "line": 346,
          "column": 0
        },
        "end": {
          "line": 346,
          "column": 0
        }
      },
      "346": {
        "start": {
          "line": 347,
          "column": 0
        },
        "end": {
          "line": 347,
          "column": 84
        }
      },
      "347": {
        "start": {
          "line": 348,
          "column": 0
        },
        "end": {
          "line": 348,
          "column": 50
        }
      },
      "348": {
        "start": {
          "line": 349,
          "column": 0
        },
        "end": {
          "line": 349,
          "column": 35
        }
      },
      "349": {
        "start": {
          "line": 350,
          "column": 0
        },
        "end": {
          "line": 350,
          "column": 28
        }
      },
      "350": {
        "start": {
          "line": 351,
          "column": 0
        },
        "end": {
          "line": 351,
          "column": 29
        }
      },
      "351": {
        "start": {
          "line": 352,
          "column": 0
        },
        "end": {
          "line": 352,
          "column": 25
        }
      },
      "352": {
        "start": {
          "line": 353,
          "column": 0
        },
        "end": {
          "line": 353,
          "column": 45
        }
      },
      "353": {
        "start": {
          "line": 354,
          "column": 0
        },
        "end": {
          "line": 354,
          "column": 0
        }
      },
      "354": {
        "start": {
          "line": 355,
          "column": 0
        },
        "end": {
          "line": 355,
          "column": 41
        }
      },
      "355": {
        "start": {
          "line": 356,
          "column": 0
        },
        "end": {
          "line": 356,
          "column": 0
        }
      },
      "356": {
        "start": {
          "line": 357,
          "column": 0
        },
        "end": {
          "line": 357,
          "column": 50
        }
      },
      "357": {
        "start": {
          "line": 358,
          "column": 0
        },
        "end": {
          "line": 358,
          "column": 47
        }
      },
      "358": {
        "start": {
          "line": 359,
          "column": 0
        },
        "end": {
          "line": 359,
          "column": 46
        }
      },
      "359": {
        "start": {
          "line": 360,
          "column": 0
        },
        "end": {
          "line": 360,
          "column": 30
        }
      },
      "360": {
        "start": {
          "line": 361,
          "column": 0
        },
        "end": {
          "line": 361,
          "column": 0
        }
      },
      "361": {
        "start": {
          "line": 362,
          "column": 0
        },
        "end": {
          "line": 362,
          "column": 47
        }
      },
      "362": {
        "start": {
          "line": 363,
          "column": 0
        },
        "end": {
          "line": 363,
          "column": 103
        }
      },
      "363": {
        "start": {
          "line": 364,
          "column": 0
        },
        "end": {
          "line": 364,
          "column": 41
        }
      },
      "364": {
        "start": {
          "line": 365,
          "column": 0
        },
        "end": {
          "line": 365,
          "column": 14
        }
      },
      "365": {
        "start": {
          "line": 366,
          "column": 0
        },
        "end": {
          "line": 366,
          "column": 4
        }
      },
      "366": {
        "start": {
          "line": 367,
          "column": 0
        },
        "end": {
          "line": 367,
          "column": 0
        }
      },
      "367": {
        "start": {
          "line": 368,
          "column": 0
        },
        "end": {
          "line": 368,
          "column": 18
        }
      },
      "368": {
        "start": {
          "line": 369,
          "column": 0
        },
        "end": {
          "line": 369,
          "column": 64
        }
      },
      "369": {
        "start": {
          "line": 370,
          "column": 0
        },
        "end": {
          "line": 370,
          "column": 4
        }
      },
      "370": {
        "start": {
          "line": 371,
          "column": 0
        },
        "end": {
          "line": 371,
          "column": 0
        }
      },
      "371": {
        "start": {
          "line": 372,
          "column": 0
        },
        "end": {
          "line": 372,
          "column": 16
        }
      },
      "372": {
        "start": {
          "line": 373,
          "column": 0
        },
        "end": {
          "line": 373,
          "column": 0
        }
      },
      "373": {
        "start": {
          "line": 374,
          "column": 0
        },
        "end": {
          "line": 374,
          "column": 3
        }
      },
      "374": {
        "start": {
          "line": 375,
          "column": 0
        },
        "end": {
          "line": 375,
          "column": 0
        }
      },
      "375": {
        "start": {
          "line": 376,
          "column": 0
        },
        "end": {
          "line": 376,
          "column": 55
        }
      },
      "376": {
        "start": {
          "line": 377,
          "column": 0
        },
        "end": {
          "line": 377,
          "column": 55
        }
      },
      "377": {
        "start": {
          "line": 378,
          "column": 0
        },
        "end": {
          "line": 378,
          "column": 55
        }
      },
      "378": {
        "start": {
          "line": 379,
          "column": 0
        },
        "end": {
          "line": 379,
          "column": 0
        }
      },
      "379": {
        "start": {
          "line": 380,
          "column": 0
        },
        "end": {
          "line": 380,
          "column": 41
        }
      },
      "380": {
        "start": {
          "line": 381,
          "column": 0
        },
        "end": {
          "line": 381,
          "column": 0
        }
      },
      "381": {
        "start": {
          "line": 382,
          "column": 0
        },
        "end": {
          "line": 382,
          "column": 54
        }
      },
      "382": {
        "start": {
          "line": 383,
          "column": 0
        },
        "end": {
          "line": 383,
          "column": 54
        }
      },
      "383": {
        "start": {
          "line": 384,
          "column": 0
        },
        "end": {
          "line": 384,
          "column": 0
        }
      },
      "384": {
        "start": {
          "line": 385,
          "column": 0
        },
        "end": {
          "line": 385,
          "column": 22
        }
      },
      "385": {
        "start": {
          "line": 386,
          "column": 0
        },
        "end": {
          "line": 386,
          "column": 54
        }
      },
      "386": {
        "start": {
          "line": 387,
          "column": 0
        },
        "end": {
          "line": 387,
          "column": 5
        }
      },
      "387": {
        "start": {
          "line": 388,
          "column": 0
        },
        "end": {
          "line": 388,
          "column": 0
        }
      },
      "388": {
        "start": {
          "line": 389,
          "column": 0
        },
        "end": {
          "line": 389,
          "column": 54
        }
      },
      "389": {
        "start": {
          "line": 390,
          "column": 0
        },
        "end": {
          "line": 390,
          "column": 54
        }
      },
      "390": {
        "start": {
          "line": 391,
          "column": 0
        },
        "end": {
          "line": 391,
          "column": 63
        }
      },
      "391": {
        "start": {
          "line": 392,
          "column": 0
        },
        "end": {
          "line": 392,
          "column": 59
        }
      },
      "392": {
        "start": {
          "line": 393,
          "column": 0
        },
        "end": {
          "line": 393,
          "column": 0
        }
      },
      "393": {
        "start": {
          "line": 394,
          "column": 0
        },
        "end": {
          "line": 394,
          "column": 88
        }
      },
      "394": {
        "start": {
          "line": 395,
          "column": 0
        },
        "end": {
          "line": 395,
          "column": 24
        }
      },
      "395": {
        "start": {
          "line": 396,
          "column": 0
        },
        "end": {
          "line": 396,
          "column": 32
        }
      },
      "396": {
        "start": {
          "line": 397,
          "column": 0
        },
        "end": {
          "line": 397,
          "column": 5
        }
      },
      "397": {
        "start": {
          "line": 398,
          "column": 0
        },
        "end": {
          "line": 398,
          "column": 0
        }
      },
      "398": {
        "start": {
          "line": 399,
          "column": 0
        },
        "end": {
          "line": 399,
          "column": 54
        }
      },
      "399": {
        "start": {
          "line": 400,
          "column": 0
        },
        "end": {
          "line": 400,
          "column": 54
        }
      },
      "400": {
        "start": {
          "line": 401,
          "column": 0
        },
        "end": {
          "line": 401,
          "column": 0
        }
      },
      "401": {
        "start": {
          "line": 402,
          "column": 0
        },
        "end": {
          "line": 402,
          "column": 34
        }
      },
      "402": {
        "start": {
          "line": 403,
          "column": 0
        },
        "end": {
          "line": 403,
          "column": 0
        }
      },
      "403": {
        "start": {
          "line": 404,
          "column": 0
        },
        "end": {
          "line": 404,
          "column": 80
        }
      },
      "404": {
        "start": {
          "line": 405,
          "column": 0
        },
        "end": {
          "line": 405,
          "column": 0
        }
      },
      "405": {
        "start": {
          "line": 406,
          "column": 0
        },
        "end": {
          "line": 406,
          "column": 51
        }
      },
      "406": {
        "start": {
          "line": 407,
          "column": 0
        },
        "end": {
          "line": 407,
          "column": 45
        }
      },
      "407": {
        "start": {
          "line": 408,
          "column": 0
        },
        "end": {
          "line": 408,
          "column": 46
        }
      },
      "408": {
        "start": {
          "line": 409,
          "column": 0
        },
        "end": {
          "line": 409,
          "column": 70
        }
      },
      "409": {
        "start": {
          "line": 410,
          "column": 0
        },
        "end": {
          "line": 410,
          "column": 26
        }
      },
      "410": {
        "start": {
          "line": 411,
          "column": 0
        },
        "end": {
          "line": 411,
          "column": 77
        }
      },
      "411": {
        "start": {
          "line": 412,
          "column": 0
        },
        "end": {
          "line": 412,
          "column": 44
        }
      },
      "412": {
        "start": {
          "line": 413,
          "column": 0
        },
        "end": {
          "line": 413,
          "column": 49
        }
      },
      "413": {
        "start": {
          "line": 414,
          "column": 0
        },
        "end": {
          "line": 414,
          "column": 22
        }
      },
      "414": {
        "start": {
          "line": 415,
          "column": 0
        },
        "end": {
          "line": 415,
          "column": 65
        }
      },
      "415": {
        "start": {
          "line": 416,
          "column": 0
        },
        "end": {
          "line": 416,
          "column": 26
        }
      },
      "416": {
        "start": {
          "line": 417,
          "column": 0
        },
        "end": {
          "line": 417,
          "column": 22
        }
      },
      "417": {
        "start": {
          "line": 418,
          "column": 0
        },
        "end": {
          "line": 418,
          "column": 0
        }
      },
      "418": {
        "start": {
          "line": 419,
          "column": 0
        },
        "end": {
          "line": 419,
          "column": 32
        }
      },
      "419": {
        "start": {
          "line": 420,
          "column": 0
        },
        "end": {
          "line": 420,
          "column": 23
        }
      },
      "420": {
        "start": {
          "line": 421,
          "column": 0
        },
        "end": {
          "line": 421,
          "column": 0
        }
      },
      "421": {
        "start": {
          "line": 422,
          "column": 0
        },
        "end": {
          "line": 422,
          "column": 17
        }
      },
      "422": {
        "start": {
          "line": 423,
          "column": 0
        },
        "end": {
          "line": 423,
          "column": 24
        }
      },
      "423": {
        "start": {
          "line": 424,
          "column": 0
        },
        "end": {
          "line": 424,
          "column": 31
        }
      },
      "424": {
        "start": {
          "line": 425,
          "column": 0
        },
        "end": {
          "line": 425,
          "column": 126
        }
      },
      "425": {
        "start": {
          "line": 426,
          "column": 0
        },
        "end": {
          "line": 426,
          "column": 22
        }
      },
      "426": {
        "start": {
          "line": 427,
          "column": 0
        },
        "end": {
          "line": 427,
          "column": 23
        }
      },
      "427": {
        "start": {
          "line": 428,
          "column": 0
        },
        "end": {
          "line": 428,
          "column": 0
        }
      },
      "428": {
        "start": {
          "line": 429,
          "column": 0
        },
        "end": {
          "line": 429,
          "column": 28
        }
      },
      "429": {
        "start": {
          "line": 430,
          "column": 0
        },
        "end": {
          "line": 430,
          "column": 0
        }
      },
      "430": {
        "start": {
          "line": 431,
          "column": 0
        },
        "end": {
          "line": 431,
          "column": 30
        }
      },
      "431": {
        "start": {
          "line": 432,
          "column": 0
        },
        "end": {
          "line": 432,
          "column": 0
        }
      },
      "432": {
        "start": {
          "line": 433,
          "column": 0
        },
        "end": {
          "line": 433,
          "column": 51
        }
      },
      "433": {
        "start": {
          "line": 434,
          "column": 0
        },
        "end": {
          "line": 434,
          "column": 47
        }
      },
      "434": {
        "start": {
          "line": 435,
          "column": 0
        },
        "end": {
          "line": 435,
          "column": 0
        }
      },
      "435": {
        "start": {
          "line": 436,
          "column": 0
        },
        "end": {
          "line": 436,
          "column": 43
        }
      },
      "436": {
        "start": {
          "line": 437,
          "column": 0
        },
        "end": {
          "line": 437,
          "column": 0
        }
      },
      "437": {
        "start": {
          "line": 438,
          "column": 0
        },
        "end": {
          "line": 438,
          "column": 47
        }
      },
      "438": {
        "start": {
          "line": 439,
          "column": 0
        },
        "end": {
          "line": 439,
          "column": 59
        }
      },
      "439": {
        "start": {
          "line": 440,
          "column": 0
        },
        "end": {
          "line": 440,
          "column": 36
        }
      },
      "440": {
        "start": {
          "line": 441,
          "column": 0
        },
        "end": {
          "line": 441,
          "column": 0
        }
      },
      "441": {
        "start": {
          "line": 442,
          "column": 0
        },
        "end": {
          "line": 442,
          "column": 80
        }
      },
      "442": {
        "start": {
          "line": 443,
          "column": 0
        },
        "end": {
          "line": 443,
          "column": 42
        }
      },
      "443": {
        "start": {
          "line": 444,
          "column": 0
        },
        "end": {
          "line": 444,
          "column": 73
        }
      },
      "444": {
        "start": {
          "line": 445,
          "column": 0
        },
        "end": {
          "line": 445,
          "column": 65
        }
      },
      "445": {
        "start": {
          "line": 446,
          "column": 0
        },
        "end": {
          "line": 446,
          "column": 17
        }
      },
      "446": {
        "start": {
          "line": 447,
          "column": 0
        },
        "end": {
          "line": 447,
          "column": 51
        }
      },
      "447": {
        "start": {
          "line": 448,
          "column": 0
        },
        "end": {
          "line": 448,
          "column": 40
        }
      },
      "448": {
        "start": {
          "line": 449,
          "column": 0
        },
        "end": {
          "line": 449,
          "column": 19
        }
      },
      "449": {
        "start": {
          "line": 450,
          "column": 0
        },
        "end": {
          "line": 450,
          "column": 67
        }
      },
      "450": {
        "start": {
          "line": 451,
          "column": 0
        },
        "end": {
          "line": 451,
          "column": 13
        }
      },
      "451": {
        "start": {
          "line": 452,
          "column": 0
        },
        "end": {
          "line": 452,
          "column": 10
        }
      },
      "452": {
        "start": {
          "line": 453,
          "column": 0
        },
        "end": {
          "line": 453,
          "column": 6
        }
      },
      "453": {
        "start": {
          "line": 454,
          "column": 0
        },
        "end": {
          "line": 454,
          "column": 24
        }
      },
      "454": {
        "start": {
          "line": 455,
          "column": 0
        },
        "end": {
          "line": 455,
          "column": 5
        }
      },
      "455": {
        "start": {
          "line": 456,
          "column": 0
        },
        "end": {
          "line": 456,
          "column": 2
        }
      },
      "456": {
        "start": {
          "line": 457,
          "column": 0
        },
        "end": {
          "line": 457,
          "column": 23
        }
      },
      "457": {
        "start": {
          "line": 458,
          "column": 0
        },
        "end": {
          "line": 458,
          "column": 62
        }
      },
      "458": {
        "start": {
          "line": 459,
          "column": 0
        },
        "end": {
          "line": 459,
          "column": 52
        }
      },
      "459": {
        "start": {
          "line": 460,
          "column": 0
        },
        "end": {
          "line": 460,
          "column": 5
        }
      },
      "460": {
        "start": {
          "line": 461,
          "column": 0
        },
        "end": {
          "line": 461,
          "column": 2
        }
      },
      "461": {
        "start": {
          "line": 462,
          "column": 0
        },
        "end": {
          "line": 462,
          "column": 0
        }
      },
      "462": {
        "start": {
          "line": 463,
          "column": 0
        },
        "end": {
          "line": 463,
          "column": 54
        }
      },
      "463": {
        "start": {
          "line": 464,
          "column": 0
        },
        "end": {
          "line": 464,
          "column": 54
        }
      },
      "464": {
        "start": {
          "line": 465,
          "column": 0
        },
        "end": {
          "line": 465,
          "column": 2
        }
      },
      "465": {
        "start": {
          "line": 466,
          "column": 0
        },
        "end": {
          "line": 466,
          "column": 23
        }
      },
      "466": {
        "start": {
          "line": 467,
          "column": 0
        },
        "end": {
[...]
          "end": {
            "line": 399,
            "column": 14
          }
        },
        "line": 399
      },
      "134": {
        "name": "get innerShadow",
        "decl": {
          "start": {
            "line": 404,
            "column": 1
          },
          "end": {
            "line": 406,
            "column": 0
          }
        },
        "loc": {
          "start": {
            "line": 404,
            "column": 1
          },
          "end": {
            "line": 406,
            "column": 0
          }
        },
        "line": 404
      },
      "135": {
        "name": "connectedCallback",
        "decl": {
          "start": {
            "line": 409,
            "column": 39
          },
          "end": {
            "line": 411,
            "column": 2
          }
        },
        "loc": {
          "start": {
            "line": 409,
            "column": 39
          },
          "end": {
            "line": 411,
            "column": 2
          }
        },
        "line": 409
      },
      "136": {
        "name": "addDataset",
        "decl": {
          "start": {
            "line": 415,
            "column": 47
          },
          "end": {
            "line": 419,
            "column": 15
          }
        },
        "loc": {
          "start": {
            "line": 415,
            "column": 47
          },
          "end": {
            "line": 419,
            "column": 15
          }
        },
        "line": 415
      },
      "137": {
        "name": "getDataset",
        "decl": {
          "start": {
            "line": 425,
            "column": 41
          },
          "end": {
            "line": 425,
            "column": 97
          }
        },
        "loc": {
          "start": {
            "line": 425,
            "column": 41
          },
          "end": {
            "line": 425,
            "column": 97
          }
        },
        "line": 425
      },
      "138": {
        "name": "attachAttrs",
        "decl": {
          "start": {
            "line": 434,
            "column": 39
          },
          "end": {
            "line": 438,
            "column": 25
          }
        },
        "loc": {
          "start": {
            "line": 434,
            "column": 39
          },
          "end": {
            "line": 438,
            "column": 25
          }
        },
        "line": 434
      },
      "139": {
        "name": "attributeChangedCallback",
        "decl": {
          "start": {
            "line": 445,
            "column": -1
          },
          "end": {
            "line": 477,
            "column": 24
          }
        },
        "loc": {
          "start": {
            "line": 445,
            "column": -1
          },
          "end": {
            "line": 477,
            "column": 24
          }
        },
        "line": 445
      },
      "140": {
        "name": "disconnectedCallback",
        "decl": {
          "start": {
            "line": 482,
            "column": 25
          },
          "end": {
            "line": 485,
            "column": 20
          }
        },
        "loc": {
          "start": {
            "line": 482,
            "column": 25
          },
          "end": {
            "line": 485,
            "column": 20
          }
        },
        "line": 482
      },
      "141": {
        "name": "setup",
        "decl": {
          "start": {
            "line": 503,
            "column": 3
          },
          "end": {
            "line": 503,
            "column": 25
          }
        },
        "loc": {
          "start": {
            "line": 503,
            "column": 3
          },
          "end": {
            "line": 503,
            "column": 25
          }
        },
        "line": 503
      },
      "142": {
        "name": "render",
        "decl": {
          "start": {
            "line": 523,
            "column": 0
          },
          "end": {
            "line": 523,
            "column": 29
          }
        },
        "loc": {
          "start": {
            "line": 523,
            "column": 0
          },
          "end": {
            "line": 523,
            "column": 29
          }
        },
        "line": 523
      },
      "143": {
        "name": "wrapFragment",
        "decl": {
          "start": {
            "line": 292,
            "column": 24
          },
          "end": {
            "line": 333,
            "column": 21
          }
        },
        "loc": {
          "start": {
            "line": 292,
            "column": 24
          },
          "end": {
            "line": 333,
            "column": 21
          }
        },
        "line": 292
      },
      "144": {
        "name": "template",
        "decl": {
          "start": {
            "line": 132,
            "column": 28
          },
          "end": {
            "line": 146,
            "column": 58
          }
        },
        "loc": {
          "start": {
            "line": 132,
            "column": 28
          },
          "end": {
            "line": 146,
            "column": 58
          }
        },
        "line": 132
      },
      "145": {
        "name": "innerHTML.split.reduce.markup",
        "decl": {
          "start": {
            "line": 148,
            "column": 40
          },
          "end": {
            "line": 151,
            "column": 59
          }
        },
        "loc": {
          "start": {
            "line": 148,
            "column": 40
          },
          "end": {
            "line": 151,
            "column": 59
          }
        },
        "line": 148
      },
      "146": {
        "name": "fragment",
        "decl": {
          "start": {
            "line": 154,
            "column": 25
          },
          "end": {
            "line": 162,
            "column": 39
          }
        },
        "loc": {
          "start": {
            "line": 154,
            "column": 25
          },
          "end": {
            "line": 162,
            "column": 39
          }
        },
        "line": 154
      },
      "147": {
        "name": "template",
        "decl": {
          "start": {
            "line": 162,
            "column": 51
          },
          "end": {
            "line": 175,
            "column": 22
          }
        },
        "loc": {
          "start": {
            "line": 162,
            "column": 51
          },
          "end": {
            "line": 175,
            "column": 22
          }
        },
        "line": 162
      },
      "148": {
        "name": "storeFn",
        "decl": {
          "start": {
            "line": 84,
            "column": 41
          },
          "end": {
            "line": 84,
            "column": 52
          }
        },
        "loc": {
          "start": {
            "line": 84,
            "column": 41
          },
          "end": {
            "line": 84,
            "column": 52
          }
        },
        "line": 84
      },
      "149": {
        "name": "render2",
        "decl": {
          "start": {
            "line": 84,
            "column": 106
          },
          "end": {
            "line": 92,
            "column": 21
          }
        },
        "loc": {
          "start": {
            "line": 84,
            "column": 106
          },
          "end": {
            "line": 92,
            "column": 21
          }
        },
        "line": 84
      },
      "150": {
        "name": "makeid",
        "decl": {
          "start": {
            "line": 84,
            "column": 7
          },
          "end": {
            "line": 87,
            "column": 67
          }
        },
        "loc": {
          "start": {
            "line": 84,
            "column": 7
          },
          "end": {
            "line": 87,
            "column": 67
          }
        },
        "line": 84
      },
      "151": {
        "name": "parseAttribute",
        "decl": {
          "start": {
            "line": 108,
            "column": 27
          },
          "end": {
            "line": 124,
            "column": 8
          }
        },
        "loc": {
          "start": {
            "line": 108,
            "column": 27
          },
          "end": {
            "line": 124,
            "column": 8
          }
        },
        "line": 108
      },
      "152": {
        "name": "processAdvancedTemplate",
        "decl": {
          "start": {
            "line": 145,
            "column": 34
          },
          "end": {
            "line": 202,
            "column": 23
          }
        },
        "loc": {
          "start": {
            "line": 145,
            "column": 34
          },
          "end": {
            "line": 202,
            "column": 23
          }
        },
        "line": 145
      },
      "153": {
        "name": "buildTemplate",
        "decl": {
          "start": {
            "line": 226,
            "column": 21
          },
          "end": {
            "line": 275,
            "column": 35
          }
        },
        "loc": {
          "start": {
            "line": 226,
            "column": 21
          },
          "end": {
            "line": 275,
            "column": 35
          }
        },
        "line": 226
      },
      "154": {
        "name": "addDataset",
        "decl": {
          "start": {
            "line": 289,
            "column": 6
          },
          "end": {
            "line": 303,
            "column": 19
          }
        },
        "loc": {
          "start": {
            "line": 289,
            "column": 6
          },
          "end": {
            "line": 303,
            "column": 19
          }
        },
        "line": 289
      },
      "155": {
        "name": "getDataset",
        "decl": {
          "start": {
            "line": 312,
            "column": 12
          },
          "end": {
            "line": 315,
            "column": 19
          }
        },
        "loc": {
          "start": {
            "line": 312,
            "column": 12
          },
          "end": {
            "line": 315,
            "column": 19
          }
        },
        "line": 312
      },
      "156": {
        "name": "attachAttrs",
        "decl": {
          "start": {
            "line": 329,
            "column": 97
          },
          "end": {
            "line": 349,
            "column": 4
          }
        },
        "loc": {
          "start": {
            "line": 329,
            "column": 97
          },
          "end": {
            "line": 349,
            "column": 4
          }
        },
        "line": 329
      },
      "157": {
        "name": "createHtml",
        "decl": {
          "start": {
            "line": 377,
            "column": 45
          },
          "end": {
            "line": 458,
            "column": 28
          }
        },
        "loc": {
          "start": {
            "line": 377,
            "column": 45
          },
          "end": {
            "line": 458,
            "column": 28
          }
        },
        "line": 377
      },
      "158": {
        "name": "Html",
        "decl": {
          "start": {
            "line": 390,
            "column": 32
          },
          "end": {
            "line": 442,
            "column": 28
          }
        },
        "loc": {
          "start": {
            "line": 390,
            "column": 32
          },
          "end": {
            "line": 442,
            "column": 28
          }
        },
        "line": 390
      },
      "159": {
        "name": "wire",
        "decl": {
          "start": {
            "line": 445,
            "column": 29
          },
          "end": {
            "line": 447,
            "column": 13
          }
        },
        "loc": {
          "start": {
            "line": 445,
            "column": 29
          },
          "end": {
            "line": 447,
            "column": 13
          }
        },
        "line": 445
      },
      "160": {
        "name": "lite",
        "decl": {
          "start": {
            "line": 454,
            "column": 0
          },
          "end": {
            "line": 458,
            "column": 5
          }
        },
        "loc": {
          "start": {
            "line": 454,
            "column": 0
          },
          "end": {
            "line": 458,
            "column": 5
          }
        },
        "line": 454
      },
      "161": {
        "name": "onNext",
        "decl": {
          "start": {
            "line": 487,
            "column": 12
          },
          "end": {
            "line": 497,
            "column": 9
          }
        },
        "loc": {
          "start": {
            "line": 487,
            "column": 12
          },
          "end": {
            "line": 497,
            "column": 9
          }
        },
        "line": 487
      },
      "162": {
        "name": "observer",
        "decl": {
          "start": {
            "line": 519,
            "column": 11
          },
          "end": {
            "line": 528,
            "column": 4
          }
        },
        "loc": {
          "start": {
            "line": 519,
            "column": 11
          },
          "end": {
            "line": 528,
            "column": 4
          }
        },
        "line": 519
      },
      "163": {
        "name": "get",
        "decl": {
          "start": {
            "line": 295,
            "column": 85
          },
          "end": {
            "line": 296,
            "column": 45
          }
        },
        "loc": {
          "start": {
            "line": 295,
            "column": 85
          },
          "end": {
            "line": 296,
            "column": 45
          }
        },
        "line": 295
      },
      "164": {
        "name": "set",
        "decl": {
          "start": {
            "line": 296,
            "column": 58
          },
          "end": {
            "line": 303,
            "column": 6
          }
        },
        "loc": {
          "start": {
            "line": 296,
            "column": 58
          },
          "end": {
            "line": 303,
            "column": 6
          }
        },
        "line": 296
      },
      "165": {
        "name": "storeFn",
        "decl": {
          "start": {
            "line": 489,
            "column": 8
          },
          "end": {
            "line": 489,
            "column": 19
          }
        },
        "loc": {
          "start": {
            "line": 489,
            "column": 8
          },
          "end": {
            "line": 489,
            "column": 19
          }
        },
        "line": 489
      },
      "166": {
        "name": "render2",
        "decl": {
          "start": {
            "line": 489,
            "column": 75
          },
          "end": {
            "line": 494,
            "column": 41
          }
        },
        "loc": {
          "start": {
            "line": 489,
            "column": 75
          },
          "end": {
            "line": 494,
            "column": 41
          }
        },
        "line": 489
      },
      "167": {
        "name": "template",
        "decl": {
          "start": {
            "line": 233,
            "column": 19
          },
          "end": {
            "line": 250,
            "column": 43
          }
        },
        "loc": {
          "start": {
            "line": 233,
            "column": 19
          },
          "end": {
            "line": 250,
            "column": 43
          }
        },
        "line": 233
      },
      "168": {
        "name": "innerHTML.split.reduce.markup",
        "decl": {
          "start": {
            "line": 253,
            "column": 20
          },
          "end": {
            "line": 256,
            "column": 67
          }
        },
        "loc": {
          "start": {
            "line": 253,
            "column": 20
          },
          "end": {
            "line": 256,
            "column": 67
          }
        },
        "line": 253
      },
      "169": {
        "name": "fragment",
        "decl": {
          "start": {
            "line": 263,
            "column": 4
          },
          "end": {
            "line": 269,
            "column": 0
          }
        },
        "loc": {
          "start": {
            "line": 263,
            "column": 4
          },
          "end": {
            "line": 269,
            "column": 0
          }
        },
        "line": 263
      },
      "170": {
        "name": "template",
        "decl": {
          "start": {
            "line": 269,
            "column": 13
          },
          "end": {
            "line": 275,
            "column": 30
          }
        },
        "loc": {
          "start": {
            "line": 269,
            "column": 13
          },
          "end": {
            "line": 275,
            "column": 30
          }
        },
        "line": 269
      }
    },
    "f": {
      "0": 16,
      "1": 15,
      "2": 82,
      "3": 20,
      "4": 33,
      "5": 17,
      "6": 82,
      "7": 1,
      "8": 117,
      "9": 2,
      "10": 1,
      "11": 117,
      "12": 1,
      "13": 82,
      "14": 14,
      "15": 17,
      "16": 4,
      "17": 82,
      "18": 91,
      "19": 10,
      "20": 1,
      "21": 21,
      "22": 40,
      "23": 13,
      "24": 14,
      "25": 25,
      "26": 1,
      "27": 58,
      "28": 31,
      "29": 30,
      "30": 158,
      "31": 40,
      "32": 66,
      "33": 34,
      "34": 158,
      "35": 50,
      "36": 2,
      "37": 228,
      "38": 4,
      "39": 2,
      "40": 228,
      "41": 2,
      "42": 158,
      "43": 28,
      "44": 158,
      "45": 176,
      "46": 20,
      "47": 42,
      "48": 80,
      "49": 26,
      "50": 28,
      "51": 34,
      "52": 8,
      "53": 2,
      "54": 116,
      "55": 94,
      "56": 89,
      "57": 464,
      "58": 114,
      "59": 191,
      "60": 89,
      "61": 464,
      "62": 150,
      "63": 6,
      "64": 672,
      "65": 12,
      "66": 6,
      "67": 672,
      "68": 6,
      "69": 464,
      "70": 76,
      "71": 464,
      "72": 518,
      "73": 60,
      "74": 120,
      "75": 237,
      "76": 77,
      "77": 83,
      "78": 6,
      "79": 346,
      "80": 89,
      "81": 18,
      "82": 51,
      "83": 51,
      "84": 276,
      "85": 68,
      "86": 118,
      "87": 45,
      "88": 276,
      "89": 100,
      "90": 4,
      "91": 398,
      "92": 8,
      "93": 4,
      "94": 398,
      "95": 276,
      "96": 4,
      "97": 276,
      "98": 41,
      "99": 276,
      "100": 303,
      "101": 4,
      "102": 187,
      "103": 45,
      "104": 7,
      "105": 72,
      "106": 154,
      "107": 50,
      "108": 54,
      "109": 28,
      "110": 28,
      "111": 28,
      "112": 28,
      "113": 28,
      "114": 0,
      "115": 135,
      "116": 29,
      "117": 28,
      "118": 52,
      "119": 31,
      "120": 135,
      "121": 204,
      "122": 4,
      "123": 2,
      "124": 24,
      "125": 22,
      "126": 24,
      "127": 5,
      "128": 135,
      "129": 135,
      "130": 2,
      "131": 204,
      "132": 153,
      "133": 135,
      "134": 2,
      "135": 135,
      "136": 4,
      "137": 135,
      "138": 153,
      "139": 20,
      "140": 2,
      "141": 122,
      "142": 0,
      "143": 50,
      "144": 30,
      "145": 74,
      "146": 24,
      "147": 26,
      "148": 2,
      "149": 114,
      "150": 62,
      "151": 58,
      "152": 68,
      "153": 117,
      "154": 50,
      "155": 290,
      "156": 326,
      "157": 290,
      "158": 425,
      "159": 8,
      "160": 4,
      "161": 56,
      "162": 290,
      "163": 58,
      "164": 13,
      "165": 4,
      "166": 223,
      "167": 72,
      "168": 151,
      "169": 49,
      "170": 53
    }
  }
}
